<?xml version="1.0" encoding="UTF-8"?>
<!-- Generated by org.testng.reporters.JUnitReportReporter -->
<testsuite hostname="LAPTOP-DM2OFTIN" failures="0" tests="2" name="VuongDang.tests.ErrorValidationsTest" time="22.012" errors="0" timestamp="2023-05-22T21:12:15 ICT" skipped="0">
  <testcase classname="VuongDang.tests.ErrorValidationsTest" name="LoginErrorValidation" time="8.864"/>
  <system-out/>
  <testcase classname="VuongDang.tests.ErrorValidationsTest" name="ProductErrorValidation" time="13.148"/>
  <system-out/>
</testsuite> <!-- VuongDang.tests.ErrorValidationsTest -->
