<?xml version="1.0" encoding="UTF-8"?>
<!-- Generated by org.testng.reporters.JUnitReportReporter -->
<testsuite hostname="LAPTOP-DM2OFTIN" failures="0" tests="3" name="VuongDang.tests.SubmitOrderTest" time="20.440" errors="0" timestamp="2023-05-21T15:54:50 ICT" skipped="0">
  <testcase classname="VuongDang.tests.SubmitOrderTest" name="OrderHistoryTest" time="5.394"/>
  <system-out/>
  <testcase classname="VuongDang.tests.SubmitOrderTest" name="submitOrder" time="7.561"/>
  <system-out/>
  <testcase classname="VuongDang.tests.SubmitOrderTest" name="submitOrder" time="7.485"/>
  <system-out/>
</testsuite> <!-- VuongDang.tests.SubmitOrderTest -->
