<?xml version="1.0" encoding="UTF-8"?>
<!-- Generated by org.testng.reporters.JUnitReportReporter -->
<testsuite hostname="LAPTOP-DM2OFTIN" failures="0" tests="3" name="VuongDang.tests.SubmitOrderTest" time="20.756" errors="0" timestamp="2023-05-22T21:12:15 ICT" skipped="0">
  <testcase classname="VuongDang.tests.SubmitOrderTest" name="submitOrder" time="7.605"/>
  <system-out/>
  <testcase classname="VuongDang.tests.SubmitOrderTest" name="submitOrder" time="8.108"/>
  <system-out/>
  <testcase classname="VuongDang.tests.SubmitOrderTest" name="OrderHistoryTest" time="5.043"/>
  <system-out/>
</testsuite> <!-- VuongDang.tests.SubmitOrderTest -->
