<?xml version="1.0" encoding="UTF-8"?>
<!-- Generated by org.testng.reporters.JUnitReportReporter -->
<testsuite hostname="LAPTOP-DM2OFTIN" failures="0" tests="2" name="VuongDang.tests.ErrorValidationsTest" time="13.386" errors="0" timestamp="2023-05-21T15:54:50 ICT" skipped="0">
  <testcase classname="VuongDang.tests.ErrorValidationsTest" name="ProductErrorValidation" time="6.215"/>
  <system-out/>
  <testcase classname="VuongDang.tests.ErrorValidationsTest" name="LoginErrorValidation" time="7.171"/>
  <system-out/>
</testsuite> <!-- VuongDang.tests.ErrorValidationsTest -->
